CRITICAL - 2021-08-27 07:54:52 --> Cannot call constructor
#0 C:\wwwroot\gateway_leads\vendor\codeigniter4\framework\system\CodeIgniter.php(900): App\Controllers\LeadsController->__construct()
#1 C:\wwwroot\gateway_leads\vendor\codeigniter4\framework\system\CodeIgniter.php(426): CodeIgniter\CodeIgniter->createController()
#2 C:\wwwroot\gateway_leads\vendor\codeigniter4\framework\system\CodeIgniter.php(336): CodeIgniter\CodeIgniter->handleRequest(NULL, Object(Config\Cache), false)
#3 C:\wwwroot\gateway_leads\public\index.php(37): CodeIgniter\CodeIgniter->run()
#4 C:\wwwroot\gateway_leads\vendor\codeigniter4\framework\system\Commands\Server\rewrite.php(45): require_once('C:\\wwwroot\\gate...')
#5 {main}
CRITICAL - 2021-08-27 07:56:30 --> Cannot call constructor
#0 C:\wwwroot\gateway_leads\vendor\codeigniter4\framework\system\CodeIgniter.php(900): App\Controllers\LeadsController->__construct()
#1 C:\wwwroot\gateway_leads\vendor\codeigniter4\framework\system\CodeIgniter.php(426): CodeIgniter\CodeIgniter->createController()
#2 C:\wwwroot\gateway_leads\vendor\codeigniter4\framework\system\CodeIgniter.php(336): CodeIgniter\CodeIgniter->handleRequest(NULL, Object(Config\Cache), false)
#3 C:\wwwroot\gateway_leads\public\index.php(37): CodeIgniter\CodeIgniter->run()
#4 C:\wwwroot\gateway_leads\vendor\codeigniter4\framework\system\Commands\Server\rewrite.php(45): require_once('C:\\wwwroot\\gate...')
#5 {main}
CRITICAL - 2021-08-27 07:56:31 --> Cannot call constructor
#0 C:\wwwroot\gateway_leads\vendor\codeigniter4\framework\system\CodeIgniter.php(900): App\Controllers\LeadsController->__construct()
#1 C:\wwwroot\gateway_leads\vendor\codeigniter4\framework\system\CodeIgniter.php(426): CodeIgniter\CodeIgniter->createController()
#2 C:\wwwroot\gateway_leads\vendor\codeigniter4\framework\system\CodeIgniter.php(336): CodeIgniter\CodeIgniter->handleRequest(NULL, Object(Config\Cache), false)
#3 C:\wwwroot\gateway_leads\public\index.php(37): CodeIgniter\CodeIgniter->run()
#4 C:\wwwroot\gateway_leads\vendor\codeigniter4\framework\system\Commands\Server\rewrite.php(45): require_once('C:\\wwwroot\\gate...')
#5 {main}
CRITICAL - 2021-08-27 07:56:33 --> Cannot call constructor
#0 C:\wwwroot\gateway_leads\vendor\codeigniter4\framework\system\CodeIgniter.php(900): App\Controllers\LeadsController->__construct()
#1 C:\wwwroot\gateway_leads\vendor\codeigniter4\framework\system\CodeIgniter.php(426): CodeIgniter\CodeIgniter->createController()
#2 C:\wwwroot\gateway_leads\vendor\codeigniter4\framework\system\CodeIgniter.php(336): CodeIgniter\CodeIgniter->handleRequest(NULL, Object(Config\Cache), false)
#3 C:\wwwroot\gateway_leads\public\index.php(37): CodeIgniter\CodeIgniter->run()
#4 C:\wwwroot\gateway_leads\vendor\codeigniter4\framework\system\Commands\Server\rewrite.php(45): require_once('C:\\wwwroot\\gate...')
#5 {main}
CRITICAL - 2021-08-27 08:06:02 --> Attempt to read property "name" on array
#0 C:\wwwroot\gateway_leads\app\Views\main.php(26): CodeIgniter\Debug\Exceptions->errorHandler(2, 'Attempt to read...', 'C:\\wwwroot\\gate...', 26)
#1 C:\wwwroot\gateway_leads\vendor\codeigniter4\framework\system\View\View.php(230): include('C:\\wwwroot\\gate...')
#2 C:\wwwroot\gateway_leads\vendor\codeigniter4\framework\system\View\View.php(232): CodeIgniter\View\View->CodeIgniter\View\{closure}()
#3 C:\wwwroot\gateway_leads\vendor\codeigniter4\framework\system\Common.php(1271): CodeIgniter\View\View->render('main', Array, true)
#4 C:\wwwroot\gateway_leads\app\Controllers\LeadsController.php(23): view('main', Array)
#5 C:\wwwroot\gateway_leads\vendor\codeigniter4\framework\system\CodeIgniter.php(928): App\Controllers\LeadsController->index()
#6 C:\wwwroot\gateway_leads\vendor\codeigniter4\framework\system\CodeIgniter.php(436): CodeIgniter\CodeIgniter->runController(Object(App\Controllers\LeadsController))
#7 C:\wwwroot\gateway_leads\vendor\codeigniter4\framework\system\CodeIgniter.php(336): CodeIgniter\CodeIgniter->handleRequest(NULL, Object(Config\Cache), false)
#8 C:\wwwroot\gateway_leads\public\index.php(37): CodeIgniter\CodeIgniter->run()
#9 C:\wwwroot\gateway_leads\vendor\codeigniter4\framework\system\Commands\Server\rewrite.php(45): require_once('C:\\wwwroot\\gate...')
#10 {main}
CRITICAL - 2021-08-27 08:07:03 --> Attempt to read property "address" on array
#0 C:\wwwroot\gateway_leads\app\Views\main.php(27): CodeIgniter\Debug\Exceptions->errorHandler(2, 'Attempt to read...', 'C:\\wwwroot\\gate...', 27)
#1 C:\wwwroot\gateway_leads\vendor\codeigniter4\framework\system\View\View.php(230): include('C:\\wwwroot\\gate...')
#2 C:\wwwroot\gateway_leads\vendor\codeigniter4\framework\system\View\View.php(232): CodeIgniter\View\View->CodeIgniter\View\{closure}()
#3 C:\wwwroot\gateway_leads\vendor\codeigniter4\framework\system\Common.php(1271): CodeIgniter\View\View->render('main', Array, true)
#4 C:\wwwroot\gateway_leads\app\Controllers\LeadsController.php(23): view('main', Array)
#5 C:\wwwroot\gateway_leads\vendor\codeigniter4\framework\system\CodeIgniter.php(928): App\Controllers\LeadsController->index()
#6 C:\wwwroot\gateway_leads\vendor\codeigniter4\framework\system\CodeIgniter.php(436): CodeIgniter\CodeIgniter->runController(Object(App\Controllers\LeadsController))
#7 C:\wwwroot\gateway_leads\vendor\codeigniter4\framework\system\CodeIgniter.php(336): CodeIgniter\CodeIgniter->handleRequest(NULL, Object(Config\Cache), false)
#8 C:\wwwroot\gateway_leads\public\index.php(37): CodeIgniter\CodeIgniter->run()
#9 C:\wwwroot\gateway_leads\vendor\codeigniter4\framework\system\Commands\Server\rewrite.php(45): require_once('C:\\wwwroot\\gate...')
#10 {main}
CRITICAL - 2021-08-27 08:15:02 --> Invalid file: leads/view.php
#0 C:\wwwroot\gateway_leads\vendor\codeigniter4\framework\system\View\View.php(213): CodeIgniter\Exceptions\FrameworkException::forInvalidFile('leads/view.php')
#1 C:\wwwroot\gateway_leads\vendor\codeigniter4\framework\system\Common.php(1271): CodeIgniter\View\View->render('leads/view', Array, true)
#2 C:\wwwroot\gateway_leads\app\Controllers\LeadsController.php(28): view('leads/view')
#3 C:\wwwroot\gateway_leads\vendor\codeigniter4\framework\system\CodeIgniter.php(928): App\Controllers\LeadsController->view()
#4 C:\wwwroot\gateway_leads\vendor\codeigniter4\framework\system\CodeIgniter.php(436): CodeIgniter\CodeIgniter->runController(Object(App\Controllers\LeadsController))
#5 C:\wwwroot\gateway_leads\vendor\codeigniter4\framework\system\CodeIgniter.php(336): CodeIgniter\CodeIgniter->handleRequest(NULL, Object(Config\Cache), false)
#6 C:\wwwroot\gateway_leads\public\index.php(37): CodeIgniter\CodeIgniter->run()
#7 C:\wwwroot\gateway_leads\vendor\codeigniter4\framework\system\Commands\Server\rewrite.php(45): require_once('C:\\wwwroot\\gate...')
#8 {main}
CRITICAL - 2021-08-27 08:15:13 --> Invalid file: leads/view.php
#0 C:\wwwroot\gateway_leads\vendor\codeigniter4\framework\system\View\View.php(213): CodeIgniter\Exceptions\FrameworkException::forInvalidFile('leads/view.php')
#1 C:\wwwroot\gateway_leads\vendor\codeigniter4\framework\system\Common.php(1271): CodeIgniter\View\View->render('leads/view', Array, true)
#2 C:\wwwroot\gateway_leads\app\Controllers\LeadsController.php(28): view('leads/view')
#3 C:\wwwroot\gateway_leads\vendor\codeigniter4\framework\system\CodeIgniter.php(928): App\Controllers\LeadsController->view()
#4 C:\wwwroot\gateway_leads\vendor\codeigniter4\framework\system\CodeIgniter.php(436): CodeIgniter\CodeIgniter->runController(Object(App\Controllers\LeadsController))
#5 C:\wwwroot\gateway_leads\vendor\codeigniter4\framework\system\CodeIgniter.php(336): CodeIgniter\CodeIgniter->handleRequest(NULL, Object(Config\Cache), false)
#6 C:\wwwroot\gateway_leads\public\index.php(37): CodeIgniter\CodeIgniter->run()
#7 C:\wwwroot\gateway_leads\vendor\codeigniter4\framework\system\Commands\Server\rewrite.php(45): require_once('C:\\wwwroot\\gate...')
#8 {main}
CRITICAL - 2021-08-27 08:15:16 --> Invalid file: leads/view.php
#0 C:\wwwroot\gateway_leads\vendor\codeigniter4\framework\system\View\View.php(213): CodeIgniter\Exceptions\FrameworkException::forInvalidFile('leads/view.php')
#1 C:\wwwroot\gateway_leads\vendor\codeigniter4\framework\system\Common.php(1271): CodeIgniter\View\View->render('leads/view', Array, true)
#2 C:\wwwroot\gateway_leads\app\Controllers\LeadsController.php(28): view('leads/view')
#3 C:\wwwroot\gateway_leads\vendor\codeigniter4\framework\system\CodeIgniter.php(928): App\Controllers\LeadsController->view()
#4 C:\wwwroot\gateway_leads\vendor\codeigniter4\framework\system\CodeIgniter.php(436): CodeIgniter\CodeIgniter->runController(Object(App\Controllers\LeadsController))
#5 C:\wwwroot\gateway_leads\vendor\codeigniter4\framework\system\CodeIgniter.php(336): CodeIgniter\CodeIgniter->handleRequest(NULL, Object(Config\Cache), false)
#6 C:\wwwroot\gateway_leads\public\index.php(37): CodeIgniter\CodeIgniter->run()
#7 C:\wwwroot\gateway_leads\vendor\codeigniter4\framework\system\Commands\Server\rewrite.php(45): require_once('C:\\wwwroot\\gate...')
#8 {main}
CRITICAL - 2021-08-27 08:23:51 --> Too few arguments to function App\Controllers\LeadsController::view(), 0 passed in C:\wwwroot\gateway_leads\vendor\codeigniter4\framework\system\CodeIgniter.php on line 928 and exactly 1 expected
#0 C:\wwwroot\gateway_leads\vendor\codeigniter4\framework\system\CodeIgniter.php(928): App\Controllers\LeadsController->view()
#1 C:\wwwroot\gateway_leads\vendor\codeigniter4\framework\system\CodeIgniter.php(436): CodeIgniter\CodeIgniter->runController(Object(App\Controllers\LeadsController))
#2 C:\wwwroot\gateway_leads\vendor\codeigniter4\framework\system\CodeIgniter.php(336): CodeIgniter\CodeIgniter->handleRequest(NULL, Object(Config\Cache), false)
#3 C:\wwwroot\gateway_leads\public\index.php(37): CodeIgniter\CodeIgniter->run()
#4 C:\wwwroot\gateway_leads\vendor\codeigniter4\framework\system\Commands\Server\rewrite.php(45): require_once('C:\\wwwroot\\gate...')
#5 {main}
CRITICAL - 2021-08-27 08:24:35 --> Too few arguments to function App\Controllers\LeadsController::view(), 0 passed in C:\wwwroot\gateway_leads\vendor\codeigniter4\framework\system\CodeIgniter.php on line 928 and exactly 1 expected
#0 C:\wwwroot\gateway_leads\vendor\codeigniter4\framework\system\CodeIgniter.php(928): App\Controllers\LeadsController->view()
#1 C:\wwwroot\gateway_leads\vendor\codeigniter4\framework\system\CodeIgniter.php(436): CodeIgniter\CodeIgniter->runController(Object(App\Controllers\LeadsController))
#2 C:\wwwroot\gateway_leads\vendor\codeigniter4\framework\system\CodeIgniter.php(336): CodeIgniter\CodeIgniter->handleRequest(NULL, Object(Config\Cache), false)
#3 C:\wwwroot\gateway_leads\public\index.php(37): CodeIgniter\CodeIgniter->run()
#4 C:\wwwroot\gateway_leads\vendor\codeigniter4\framework\system\Commands\Server\rewrite.php(45): require_once('C:\\wwwroot\\gate...')
#5 {main}
CRITICAL - 2021-08-27 09:52:08 --> Undefined variable $data
#0 C:\wwwroot\gateway_leads\app\Controllers\LeadsController.php(33): CodeIgniter\Debug\Exceptions->errorHandler(2, 'Undefined varia...', 'C:\\wwwroot\\gate...', 33)
#1 C:\wwwroot\gateway_leads\vendor\codeigniter4\framework\system\CodeIgniter.php(928): App\Controllers\LeadsController->view('2')
#2 C:\wwwroot\gateway_leads\vendor\codeigniter4\framework\system\CodeIgniter.php(436): CodeIgniter\CodeIgniter->runController(Object(App\Controllers\LeadsController))
#3 C:\wwwroot\gateway_leads\vendor\codeigniter4\framework\system\CodeIgniter.php(336): CodeIgniter\CodeIgniter->handleRequest(NULL, Object(Config\Cache), false)
#4 C:\wwwroot\gateway_leads\public\index.php(37): CodeIgniter\CodeIgniter->run()
#5 C:\wwwroot\gateway_leads\vendor\codeigniter4\framework\system\Commands\Server\rewrite.php(45): require_once('C:\\wwwroot\\gate...')
#6 {main}
CRITICAL - 2021-08-27 09:52:10 --> Undefined variable $data
#0 C:\wwwroot\gateway_leads\app\Controllers\LeadsController.php(33): CodeIgniter\Debug\Exceptions->errorHandler(2, 'Undefined varia...', 'C:\\wwwroot\\gate...', 33)
#1 C:\wwwroot\gateway_leads\vendor\codeigniter4\framework\system\CodeIgniter.php(928): App\Controllers\LeadsController->view('2')
#2 C:\wwwroot\gateway_leads\vendor\codeigniter4\framework\system\CodeIgniter.php(436): CodeIgniter\CodeIgniter->runController(Object(App\Controllers\LeadsController))
#3 C:\wwwroot\gateway_leads\vendor\codeigniter4\framework\system\CodeIgniter.php(336): CodeIgniter\CodeIgniter->handleRequest(NULL, Object(Config\Cache), false)
#4 C:\wwwroot\gateway_leads\public\index.php(37): CodeIgniter\CodeIgniter->run()
#5 C:\wwwroot\gateway_leads\vendor\codeigniter4\framework\system\Commands\Server\rewrite.php(45): require_once('C:\\wwwroot\\gate...')
#6 {main}
CRITICAL - 2021-08-27 09:52:25 --> Undefined variable $data
#0 C:\wwwroot\gateway_leads\app\Controllers\LeadsController.php(33): CodeIgniter\Debug\Exceptions->errorHandler(2, 'Undefined varia...', 'C:\\wwwroot\\gate...', 33)
#1 C:\wwwroot\gateway_leads\vendor\codeigniter4\framework\system\CodeIgniter.php(928): App\Controllers\LeadsController->view('1')
#2 C:\wwwroot\gateway_leads\vendor\codeigniter4\framework\system\CodeIgniter.php(436): CodeIgniter\CodeIgniter->runController(Object(App\Controllers\LeadsController))
#3 C:\wwwroot\gateway_leads\vendor\codeigniter4\framework\system\CodeIgniter.php(336): CodeIgniter\CodeIgniter->handleRequest(NULL, Object(Config\Cache), false)
#4 C:\wwwroot\gateway_leads\public\index.php(37): CodeIgniter\CodeIgniter->run()
#5 C:\wwwroot\gateway_leads\vendor\codeigniter4\framework\system\Commands\Server\rewrite.php(45): require_once('C:\\wwwroot\\gate...')
#6 {main}
CRITICAL - 2021-08-27 09:55:10 --> Cannot access offset of type string on string
#0 C:\wwwroot\gateway_leads\vendor\codeigniter4\framework\system\View\View.php(230): include()
#1 C:\wwwroot\gateway_leads\vendor\codeigniter4\framework\system\View\View.php(232): CodeIgniter\View\View->CodeIgniter\View\{closure}()
#2 C:\wwwroot\gateway_leads\vendor\codeigniter4\framework\system\Common.php(1271): CodeIgniter\View\View->render('leads/view', Array, true)
#3 C:\wwwroot\gateway_leads\app\Controllers\LeadsController.php(34): view('leads/view', Array)
#4 C:\wwwroot\gateway_leads\vendor\codeigniter4\framework\system\CodeIgniter.php(928): App\Controllers\LeadsController->view('1')
#5 C:\wwwroot\gateway_leads\vendor\codeigniter4\framework\system\CodeIgniter.php(436): CodeIgniter\CodeIgniter->runController(Object(App\Controllers\LeadsController))
#6 C:\wwwroot\gateway_leads\vendor\codeigniter4\framework\system\CodeIgniter.php(336): CodeIgniter\CodeIgniter->handleRequest(NULL, Object(Config\Cache), false)
#7 C:\wwwroot\gateway_leads\public\index.php(37): CodeIgniter\CodeIgniter->run()
#8 C:\wwwroot\gateway_leads\vendor\codeigniter4\framework\system\Commands\Server\rewrite.php(45): require_once('C:\\wwwroot\\gate...')
#9 {main}
CRITICAL - 2021-08-27 09:55:24 --> Cannot access offset of type string on string
#0 C:\wwwroot\gateway_leads\vendor\codeigniter4\framework\system\View\View.php(230): include()
#1 C:\wwwroot\gateway_leads\vendor\codeigniter4\framework\system\View\View.php(232): CodeIgniter\View\View->CodeIgniter\View\{closure}()
#2 C:\wwwroot\gateway_leads\vendor\codeigniter4\framework\system\Common.php(1271): CodeIgniter\View\View->render('leads/view', Array, true)
#3 C:\wwwroot\gateway_leads\app\Controllers\LeadsController.php(34): view('leads/view', Array)
#4 C:\wwwroot\gateway_leads\vendor\codeigniter4\framework\system\CodeIgniter.php(928): App\Controllers\LeadsController->view('1')
#5 C:\wwwroot\gateway_leads\vendor\codeigniter4\framework\system\CodeIgniter.php(436): CodeIgniter\CodeIgniter->runController(Object(App\Controllers\LeadsController))
#6 C:\wwwroot\gateway_leads\vendor\codeigniter4\framework\system\CodeIgniter.php(336): CodeIgniter\CodeIgniter->handleRequest(NULL, Object(Config\Cache), false)
#7 C:\wwwroot\gateway_leads\public\index.php(37): CodeIgniter\CodeIgniter->run()
#8 C:\wwwroot\gateway_leads\vendor\codeigniter4\framework\system\Commands\Server\rewrite.php(45): require_once('C:\\wwwroot\\gate...')
#9 {main}
CRITICAL - 2021-08-27 09:55:29 --> Cannot access offset of type string on string
#0 C:\wwwroot\gateway_leads\vendor\codeigniter4\framework\system\View\View.php(230): include()
#1 C:\wwwroot\gateway_leads\vendor\codeigniter4\framework\system\View\View.php(232): CodeIgniter\View\View->CodeIgniter\View\{closure}()
#2 C:\wwwroot\gateway_leads\vendor\codeigniter4\framework\system\Common.php(1271): CodeIgniter\View\View->render('leads/view', Array, true)
#3 C:\wwwroot\gateway_leads\app\Controllers\LeadsController.php(34): view('leads/view', Array)
#4 C:\wwwroot\gateway_leads\vendor\codeigniter4\framework\system\CodeIgniter.php(928): App\Controllers\LeadsController->view('1')
#5 C:\wwwroot\gateway_leads\vendor\codeigniter4\framework\system\CodeIgniter.php(436): CodeIgniter\CodeIgniter->runController(Object(App\Controllers\LeadsController))
#6 C:\wwwroot\gateway_leads\vendor\codeigniter4\framework\system\CodeIgniter.php(336): CodeIgniter\CodeIgniter->handleRequest(NULL, Object(Config\Cache), false)
#7 C:\wwwroot\gateway_leads\public\index.php(37): CodeIgniter\CodeIgniter->run()
#8 C:\wwwroot\gateway_leads\vendor\codeigniter4\framework\system\Commands\Server\rewrite.php(45): require_once('C:\\wwwroot\\gate...')
#9 {main}
CRITICAL - 2021-08-27 10:22:44 --> syntax error, unexpected token "}", expecting ";"
#0 C:\wwwroot\gateway_leads\vendor\codeigniter4\framework\system\Autoloader\Autoloader.php(273): CodeIgniter\Autoloader\Autoloader->includeFile('C:\\wwwroot\\gate...')
#1 C:\wwwroot\gateway_leads\vendor\codeigniter4\framework\system\Autoloader\Autoloader.php(247): CodeIgniter\Autoloader\Autoloader->loadInNamespace('App\\Controllers...')
#2 [internal function]: CodeIgniter\Autoloader\Autoloader->loadClass('App\\Controllers...')
#3 C:\wwwroot\gateway_leads\vendor\codeigniter4\framework\system\CodeIgniter.php(885): class_exists('\\App\\Controller...', true)
#4 C:\wwwroot\gateway_leads\vendor\codeigniter4\framework\system\CodeIgniter.php(421): CodeIgniter\CodeIgniter->startController()
#5 C:\wwwroot\gateway_leads\vendor\codeigniter4\framework\system\CodeIgniter.php(336): CodeIgniter\CodeIgniter->handleRequest(NULL, Object(Config\Cache), false)
#6 C:\wwwroot\gateway_leads\public\index.php(37): CodeIgniter\CodeIgniter->run()
#7 C:\wwwroot\gateway_leads\vendor\codeigniter4\framework\system\Commands\Server\rewrite.php(45): require_once('C:\\wwwroot\\gate...')
#8 {main}
CRITICAL - 2021-08-27 10:22:58 --> Call to undefined method CodeIgniter\HTTP\IncomingRequest::gerVar()
#0 C:\wwwroot\gateway_leads\vendor\codeigniter4\framework\system\CodeIgniter.php(928): App\Controllers\LeadsController->store()
#1 C:\wwwroot\gateway_leads\vendor\codeigniter4\framework\system\CodeIgniter.php(436): CodeIgniter\CodeIgniter->runController(Object(App\Controllers\LeadsController))
#2 C:\wwwroot\gateway_leads\vendor\codeigniter4\framework\system\CodeIgniter.php(336): CodeIgniter\CodeIgniter->handleRequest(NULL, Object(Config\Cache), false)
#3 C:\wwwroot\gateway_leads\public\index.php(37): CodeIgniter\CodeIgniter->run()
#4 C:\wwwroot\gateway_leads\vendor\codeigniter4\framework\system\Commands\Server\rewrite.php(45): require_once('C:\\wwwroot\\gate...')
#5 {main}
ERROR - 2021-08-27 20:20:01 --> Error connecting to the database: No connection could be made because the target machine actively refused it.

CRITICAL - 2021-08-27 20:20:01 --> Unable to connect to the database.
Main connection [MySQLi]: No connection could be made because the target machine actively refused it.

#0 C:\wwwroot\gateway_leads\vendor\codeigniter4\framework\system\Database\BaseConnection.php(625): CodeIgniter\Database\BaseConnection->initialize()
#1 C:\wwwroot\gateway_leads\vendor\codeigniter4\framework\system\Database\BaseBuilder.php(1881): CodeIgniter\Database\BaseConnection->query('SELECT *\nFROM `...', Array, false)
#2 C:\wwwroot\gateway_leads\vendor\codeigniter4\framework\system\Model.php(197): CodeIgniter\Database\BaseBuilder->get()
#3 C:\wwwroot\gateway_leads\vendor\codeigniter4\framework\system\BaseModel.php(603): CodeIgniter\Model->doFindAll(0, 0)
#4 C:\wwwroot\gateway_leads\app\Controllers\LeadsController.php(21): CodeIgniter\BaseModel->findAll()
#5 C:\wwwroot\gateway_leads\vendor\codeigniter4\framework\system\CodeIgniter.php(928): App\Controllers\LeadsController->index()
#6 C:\wwwroot\gateway_leads\vendor\codeigniter4\framework\system\CodeIgniter.php(436): CodeIgniter\CodeIgniter->runController(Object(App\Controllers\LeadsController))
#7 C:\wwwroot\gateway_leads\vendor\codeigniter4\framework\system\CodeIgniter.php(336): CodeIgniter\CodeIgniter->handleRequest(NULL, Object(Config\Cache), false)
#8 C:\wwwroot\gateway_leads\public\index.php(37): CodeIgniter\CodeIgniter->run()
#9 C:\wwwroot\gateway_leads\vendor\codeigniter4\framework\system\Commands\Server\rewrite.php(45): require_once('C:\\wwwroot\\gate...')
#10 {main}
ERROR - 2021-08-27 20:20:16 --> Error connecting to the database: Unknown database 'gateway_leads'
CRITICAL - 2021-08-27 20:20:16 --> Unable to connect to the database.
Main connection [MySQLi]: Unknown database 'gateway_leads'
#0 C:\wwwroot\gateway_leads\vendor\codeigniter4\framework\system\Database\BaseConnection.php(625): CodeIgniter\Database\BaseConnection->initialize()
#1 C:\wwwroot\gateway_leads\vendor\codeigniter4\framework\system\Database\BaseBuilder.php(1881): CodeIgniter\Database\BaseConnection->query('SELECT *\nFROM `...', Array, false)
#2 C:\wwwroot\gateway_leads\vendor\codeigniter4\framework\system\Model.php(197): CodeIgniter\Database\BaseBuilder->get()
#3 C:\wwwroot\gateway_leads\vendor\codeigniter4\framework\system\BaseModel.php(603): CodeIgniter\Model->doFindAll(0, 0)
#4 C:\wwwroot\gateway_leads\app\Controllers\LeadsController.php(21): CodeIgniter\BaseModel->findAll()
#5 C:\wwwroot\gateway_leads\vendor\codeigniter4\framework\system\CodeIgniter.php(928): App\Controllers\LeadsController->index()
#6 C:\wwwroot\gateway_leads\vendor\codeigniter4\framework\system\CodeIgniter.php(436): CodeIgniter\CodeIgniter->runController(Object(App\Controllers\LeadsController))
#7 C:\wwwroot\gateway_leads\vendor\codeigniter4\framework\system\CodeIgniter.php(336): CodeIgniter\CodeIgniter->handleRequest(NULL, Object(Config\Cache), false)
#8 C:\wwwroot\gateway_leads\public\index.php(37): CodeIgniter\CodeIgniter->run()
#9 C:\wwwroot\gateway_leads\vendor\codeigniter4\framework\system\Commands\Server\rewrite.php(45): require_once('C:\\wwwroot\\gate...')
#10 {main}
ERROR - 2021-08-27 20:20:18 --> Error connecting to the database: Unknown database 'gateway_leads'
CRITICAL - 2021-08-27 20:20:18 --> Unable to connect to the database.
Main connection [MySQLi]: Unknown database 'gateway_leads'
#0 C:\wwwroot\gateway_leads\vendor\codeigniter4\framework\system\Database\BaseConnection.php(625): CodeIgniter\Database\BaseConnection->initialize()
#1 C:\wwwroot\gateway_leads\vendor\codeigniter4\framework\system\Database\BaseBuilder.php(1881): CodeIgniter\Database\BaseConnection->query('SELECT *\nFROM `...', Array, false)
#2 C:\wwwroot\gateway_leads\vendor\codeigniter4\framework\system\Model.php(197): CodeIgniter\Database\BaseBuilder->get()
#3 C:\wwwroot\gateway_leads\vendor\codeigniter4\framework\system\BaseModel.php(603): CodeIgniter\Model->doFindAll(0, 0)
#4 C:\wwwroot\gateway_leads\app\Controllers\LeadsController.php(21): CodeIgniter\BaseModel->findAll()
#5 C:\wwwroot\gateway_leads\vendor\codeigniter4\framework\system\CodeIgniter.php(928): App\Controllers\LeadsController->index()
#6 C:\wwwroot\gateway_leads\vendor\codeigniter4\framework\system\CodeIgniter.php(436): CodeIgniter\CodeIgniter->runController(Object(App\Controllers\LeadsController))
#7 C:\wwwroot\gateway_leads\vendor\codeigniter4\framework\system\CodeIgniter.php(336): CodeIgniter\CodeIgniter->handleRequest(NULL, Object(Config\Cache), false)
#8 C:\wwwroot\gateway_leads\public\index.php(37): CodeIgniter\CodeIgniter->run()
#9 C:\wwwroot\gateway_leads\vendor\codeigniter4\framework\system\Commands\Server\rewrite.php(45): require_once('C:\\wwwroot\\gate...')
#10 {main}
ERROR - 2021-08-27 20:20:57 --> Table 'gateway_leads.leads' doesn't exist
CRITICAL - 2021-08-27 20:20:57 --> Table 'gateway_leads.leads' doesn't exist
#0 C:\wwwroot\gateway_leads\vendor\codeigniter4\framework\system\Database\MySQLi\Connection.php(329): mysqli->query('SELECT *\nFROM `...')
#1 C:\wwwroot\gateway_leads\vendor\codeigniter4\framework\system\Database\BaseConnection.php(732): CodeIgniter\Database\MySQLi\Connection->execute('SELECT *\nFROM `...')
#2 C:\wwwroot\gateway_leads\vendor\codeigniter4\framework\system\Database\BaseConnection.php(647): CodeIgniter\Database\BaseConnection->simpleQuery('SELECT *\nFROM `...')
#3 C:\wwwroot\gateway_leads\vendor\codeigniter4\framework\system\Database\BaseBuilder.php(1881): CodeIgniter\Database\BaseConnection->query('SELECT *\nFROM `...', Array, false)
#4 C:\wwwroot\gateway_leads\vendor\codeigniter4\framework\system\Model.php(197): CodeIgniter\Database\BaseBuilder->get()
#5 C:\wwwroot\gateway_leads\vendor\codeigniter4\framework\system\BaseModel.php(603): CodeIgniter\Model->doFindAll(0, 0)
#6 C:\wwwroot\gateway_leads\app\Controllers\LeadsController.php(21): CodeIgniter\BaseModel->findAll()
#7 C:\wwwroot\gateway_leads\vendor\codeigniter4\framework\system\CodeIgniter.php(928): App\Controllers\LeadsController->index()
#8 C:\wwwroot\gateway_leads\vendor\codeigniter4\framework\system\CodeIgniter.php(436): CodeIgniter\CodeIgniter->runController(Object(App\Controllers\LeadsController))
#9 C:\wwwroot\gateway_leads\vendor\codeigniter4\framework\system\CodeIgniter.php(336): CodeIgniter\CodeIgniter->handleRequest(NULL, Object(Config\Cache), false)
#10 C:\wwwroot\gateway_leads\public\index.php(37): CodeIgniter\CodeIgniter->run()
#11 C:\wwwroot\gateway_leads\vendor\codeigniter4\framework\system\Commands\Server\rewrite.php(45): require_once('C:\\wwwroot\\gate...')
#12 {main}
ERROR - 2021-08-27 20:21:03 --> Table 'gateway_leads.leads' doesn't exist
CRITICAL - 2021-08-27 20:21:03 --> Table 'gateway_leads.leads' doesn't exist
#0 C:\wwwroot\gateway_leads\vendor\codeigniter4\framework\system\Database\MySQLi\Connection.php(329): mysqli->query('SELECT *\nFROM `...')
#1 C:\wwwroot\gateway_leads\vendor\codeigniter4\framework\system\Database\BaseConnection.php(732): CodeIgniter\Database\MySQLi\Connection->execute('SELECT *\nFROM `...')
#2 C:\wwwroot\gateway_leads\vendor\codeigniter4\framework\system\Database\BaseConnection.php(647): CodeIgniter\Database\BaseConnection->simpleQuery('SELECT *\nFROM `...')
#3 C:\wwwroot\gateway_leads\vendor\codeigniter4\framework\system\Database\BaseBuilder.php(1881): CodeIgniter\Database\BaseConnection->query('SELECT *\nFROM `...', Array, false)
#4 C:\wwwroot\gateway_leads\vendor\codeigniter4\framework\system\Model.php(197): CodeIgniter\Database\BaseBuilder->get()
#5 C:\wwwroot\gateway_leads\vendor\codeigniter4\framework\system\BaseModel.php(603): CodeIgniter\Model->doFindAll(0, 0)
#6 C:\wwwroot\gateway_leads\app\Controllers\LeadsController.php(21): CodeIgniter\BaseModel->findAll()
#7 C:\wwwroot\gateway_leads\vendor\codeigniter4\framework\system\CodeIgniter.php(928): App\Controllers\LeadsController->index()
#8 C:\wwwroot\gateway_leads\vendor\codeigniter4\framework\system\CodeIgniter.php(436): CodeIgniter\CodeIgniter->runController(Object(App\Controllers\LeadsController))
#9 C:\wwwroot\gateway_leads\vendor\codeigniter4\framework\system\CodeIgniter.php(336): CodeIgniter\CodeIgniter->handleRequest(NULL, Object(Config\Cache), false)
#10 C:\wwwroot\gateway_leads\public\index.php(37): CodeIgniter\CodeIgniter->run()
#11 C:\wwwroot\gateway_leads\vendor\codeigniter4\framework\system\Commands\Server\rewrite.php(45): require_once('C:\\wwwroot\\gate...')
#12 {main}
ERROR - 2021-08-27 20:22:58 --> Table 'gateway_leads.leads' doesn't exist
CRITICAL - 2021-08-27 20:22:58 --> Call to undefined method mysqli_sql_exception::error_message()
#0 C:\wwwroot\gateway_leads\vendor\codeigniter4\framework\system\CodeIgniter.php(928): App\Controllers\LeadsController->index()
#1 C:\wwwroot\gateway_leads\vendor\codeigniter4\framework\system\CodeIgniter.php(436): CodeIgniter\CodeIgniter->runController(Object(App\Controllers\LeadsController))
#2 C:\wwwroot\gateway_leads\vendor\codeigniter4\framework\system\CodeIgniter.php(336): CodeIgniter\CodeIgniter->handleRequest(NULL, Object(Config\Cache), false)
#3 C:\wwwroot\gateway_leads\public\index.php(37): CodeIgniter\CodeIgniter->run()
#4 C:\wwwroot\gateway_leads\vendor\codeigniter4\framework\system\Commands\Server\rewrite.php(45): require_once('C:\\wwwroot\\gate...')
#5 {main}
ERROR - 2021-08-27 20:23:11 --> Table 'gateway_leads.leads' doesn't exist
CRITICAL - 2021-08-27 20:23:11 --> Call to undefined method mysqli_sql_exception::message()
#0 C:\wwwroot\gateway_leads\vendor\codeigniter4\framework\system\CodeIgniter.php(928): App\Controllers\LeadsController->index()
#1 C:\wwwroot\gateway_leads\vendor\codeigniter4\framework\system\CodeIgniter.php(436): CodeIgniter\CodeIgniter->runController(Object(App\Controllers\LeadsController))
#2 C:\wwwroot\gateway_leads\vendor\codeigniter4\framework\system\CodeIgniter.php(336): CodeIgniter\CodeIgniter->handleRequest(NULL, Object(Config\Cache), false)
#3 C:\wwwroot\gateway_leads\public\index.php(37): CodeIgniter\CodeIgniter->run()
#4 C:\wwwroot\gateway_leads\vendor\codeigniter4\framework\system\Commands\Server\rewrite.php(45): require_once('C:\\wwwroot\\gate...')
#5 {main}
ERROR - 2021-08-27 20:23:37 --> Table 'gateway_leads.leads' doesn't exist
ERROR - 2021-08-27 20:24:18 --> Table 'gateway_leads.leads' doesn't exist
ERROR - 2021-08-27 20:24:33 --> Table 'gateway_leads.leads' doesn't exist
CRITICAL - 2021-08-27 23:47:11 --> Call to undefined function renderSection()
#0 C:\wwwroot\gateway_leads\vendor\codeigniter4\framework\system\View\View.php(230): include()
#1 C:\wwwroot\gateway_leads\vendor\codeigniter4\framework\system\View\View.php(232): CodeIgniter\View\View->CodeIgniter\View\{closure}()
#2 C:\wwwroot\gateway_leads\vendor\codeigniter4\framework\system\Common.php(1271): CodeIgniter\View\View->render('layout/template', Array, true)
#3 C:\wwwroot\gateway_leads\app\Controllers\Home.php(9): view('layout/template')
#4 C:\wwwroot\gateway_leads\vendor\codeigniter4\framework\system\CodeIgniter.php(928): App\Controllers\Home->index()
#5 C:\wwwroot\gateway_leads\vendor\codeigniter4\framework\system\CodeIgniter.php(436): CodeIgniter\CodeIgniter->runController(Object(App\Controllers\Home))
#6 C:\wwwroot\gateway_leads\vendor\codeigniter4\framework\system\CodeIgniter.php(336): CodeIgniter\CodeIgniter->handleRequest(NULL, Object(Config\Cache), false)
#7 C:\wwwroot\gateway_leads\public\index.php(37): CodeIgniter\CodeIgniter->run()
#8 C:\wwwroot\gateway_leads\vendor\codeigniter4\framework\system\Commands\Server\rewrite.php(45): require_once('C:\\wwwroot\\gate...')
#9 {main}
CRITICAL - 2021-08-27 23:47:38 --> Call to undefined function section()
#0 C:\wwwroot\gateway_leads\vendor\codeigniter4\framework\system\View\View.php(230): include()
#1 C:\wwwroot\gateway_leads\vendor\codeigniter4\framework\system\View\View.php(232): CodeIgniter\View\View->CodeIgniter\View\{closure}()
#2 C:\wwwroot\gateway_leads\vendor\codeigniter4\framework\system\Common.php(1271): CodeIgniter\View\View->render('layout/template', Array, true)
#3 C:\wwwroot\gateway_leads\app\Controllers\Home.php(9): view('layout/template')
#4 C:\wwwroot\gateway_leads\vendor\codeigniter4\framework\system\CodeIgniter.php(928): App\Controllers\Home->index()
#5 C:\wwwroot\gateway_leads\vendor\codeigniter4\framework\system\CodeIgniter.php(436): CodeIgniter\CodeIgniter->runController(Object(App\Controllers\Home))
#6 C:\wwwroot\gateway_leads\vendor\codeigniter4\framework\system\CodeIgniter.php(336): CodeIgniter\CodeIgniter->handleRequest(NULL, Object(Config\Cache), false)
#7 C:\wwwroot\gateway_leads\public\index.php(37): CodeIgniter\CodeIgniter->run()
#8 C:\wwwroot\gateway_leads\vendor\codeigniter4\framework\system\Commands\Server\rewrite.php(45): require_once('C:\\wwwroot\\gate...')
#9 {main}
CRITICAL - 2021-08-27 23:47:39 --> Call to undefined function section()
#0 C:\wwwroot\gateway_leads\vendor\codeigniter4\framework\system\View\View.php(230): include()
#1 C:\wwwroot\gateway_leads\vendor\codeigniter4\framework\system\View\View.php(232): CodeIgniter\View\View->CodeIgniter\View\{closure}()
#2 C:\wwwroot\gateway_leads\vendor\codeigniter4\framework\system\Common.php(1271): CodeIgniter\View\View->render('layout/template', Array, true)
#3 C:\wwwroot\gateway_leads\app\Controllers\Home.php(9): view('layout/template')
#4 C:\wwwroot\gateway_leads\vendor\codeigniter4\framework\system\CodeIgniter.php(928): App\Controllers\Home->index()
#5 C:\wwwroot\gateway_leads\vendor\codeigniter4\framework\system\CodeIgniter.php(436): CodeIgniter\CodeIgniter->runController(Object(App\Controllers\Home))
#6 C:\wwwroot\gateway_leads\vendor\codeigniter4\framework\system\CodeIgniter.php(336): CodeIgniter\CodeIgniter->handleRequest(NULL, Object(Config\Cache), false)
#7 C:\wwwroot\gateway_leads\public\index.php(37): CodeIgniter\CodeIgniter->run()
#8 C:\wwwroot\gateway_leads\vendor\codeigniter4\framework\system\Commands\Server\rewrite.php(45): require_once('C:\\wwwroot\\gate...')
#9 {main}
